<?xml version="1.0" encoding="UTF-8"?>
<!-- Generated by org.testng.reporters.JUnitReportReporter -->
<testsuite hostname="PG01VQRC" failures="0" tests="2" name="runner.TestRunner" time="2.833" errors="0" timestamp="2022-06-02T23:22:13 IST" skipped="0">
  <testcase classname="runner.TestRunner" name="runScenario" time="0.921"/>
  <system-out/>
  <testcase classname="runner.TestRunner" name="runScenario" time="1.912"/>
  <system-out/>
</testsuite> <!-- runner.TestRunner -->
